<?xml version="1.0" encoding="UTF-8"?>
<!-- Generated by org.testng.reporters.JUnitXMLReporter -->
<testsuite hostname="Admin-PC" ignored="0" name="Default test" tests="3" failures="0" timestamp="31 Dec 2009 18:34:03 GMT" time="49.037" errors="0">
  <testcase name="LoginPageTitleTest" time="0.031" classname="com.orangehrmlive.qa.testcases.LoginPageTest"/>
  <testcase name="orangelogoimgTest" time="0.16" classname="com.orangehrmlive.qa.testcases.LoginPageTest"/>
  <testcase name="loginTest" time="1.962" classname="com.orangehrmlive.qa.testcases.LoginPageTest"/>
</testsuite> <!-- Default test -->
