<?xml version="1.0" encoding="UTF-8"?>
<testng-results skipped="0" failed="0" ignored="0" total="3" passed="3">
  <reporter-output>
  </reporter-output>
  <suite name="Default suite" duration-ms="49037" started-at="2009-12-31T18:33:14Z" finished-at="2009-12-31T18:34:03Z">
    <groups>
    </groups>
    <test name="Default test" duration-ms="49037" started-at="2009-12-31T18:33:14Z" finished-at="2009-12-31T18:34:03Z">
      <class name="com.orangehrmlive.qa.testcases.LoginPageTest">
        <test-method status="PASS" signature="setup()[pri:0, instance:com.orangehrmlive.qa.testcases.LoginPageTest@4501b7af]" name="setup" is-config="true" duration-ms="18191" started-at="2009-12-31T18:33:14Z" finished-at="2009-12-31T18:33:32Z">
          <reporter-output>
          </reporter-output>
        </test-method> <!-- setup -->
        <test-method status="PASS" signature="LoginPageTitleTest()[pri:1, instance:com.orangehrmlive.qa.testcases.LoginPageTest@4501b7af]" name="LoginPageTitleTest" duration-ms="31" started-at="2009-12-31T18:33:32Z" finished-at="2009-12-31T18:33:32Z">
          <reporter-output>
          </reporter-output>
        </test-method> <!-- LoginPageTitleTest -->
        <test-method status="PASS" signature="teardown()[pri:0, instance:com.orangehrmlive.qa.testcases.LoginPageTest@4501b7af]" name="teardown" is-config="true" duration-ms="4323" started-at="2009-12-31T18:33:32Z" finished-at="2009-12-31T18:33:36Z">
          <reporter-output>
          </reporter-output>
        </test-method> <!-- teardown -->
        <test-method status="PASS" signature="setup()[pri:0, instance:com.orangehrmlive.qa.testcases.LoginPageTest@4501b7af]" name="setup" is-config="true" duration-ms="9296" started-at="2009-12-31T18:33:36Z" finished-at="2009-12-31T18:33:46Z">
          <reporter-output>
          </reporter-output>
        </test-method> <!-- setup -->
        <test-method status="PASS" signature="orangelogoimgTest()[pri:2, instance:com.orangehrmlive.qa.testcases.LoginPageTest@4501b7af]" name="orangelogoimgTest" duration-ms="160" started-at="2009-12-31T18:33:46Z" finished-at="2009-12-31T18:33:46Z">
          <reporter-output>
          </reporter-output>
        </test-method> <!-- orangelogoimgTest -->
        <test-method status="PASS" signature="teardown()[pri:0, instance:com.orangehrmlive.qa.testcases.LoginPageTest@4501b7af]" name="teardown" is-config="true" duration-ms="2363" started-at="2009-12-31T18:33:46Z" finished-at="2009-12-31T18:33:48Z">
          <reporter-output>
          </reporter-output>
        </test-method> <!-- teardown -->
        <test-method status="PASS" signature="setup()[pri:0, instance:com.orangehrmlive.qa.testcases.LoginPageTest@4501b7af]" name="setup" is-config="true" duration-ms="9795" started-at="2009-12-31T18:33:48Z" finished-at="2009-12-31T18:33:58Z">
          <reporter-output>
          </reporter-output>
        </test-method> <!-- setup -->
        <test-method status="PASS" signature="loginTest()[pri:3, instance:com.orangehrmlive.qa.testcases.LoginPageTest@4501b7af]" name="loginTest" duration-ms="1962" started-at="2009-12-31T18:33:58Z" finished-at="2009-12-31T18:34:00Z">
          <reporter-output>
          </reporter-output>
        </test-method> <!-- loginTest -->
        <test-method status="PASS" signature="teardown()[pri:0, instance:com.orangehrmlive.qa.testcases.LoginPageTest@4501b7af]" name="teardown" is-config="true" duration-ms="2871" started-at="2009-12-31T18:34:00Z" finished-at="2009-12-31T18:34:03Z">
          <reporter-output>
          </reporter-output>
        </test-method> <!-- teardown -->
      </class> <!-- com.orangehrmlive.qa.testcases.LoginPageTest -->
    </test> <!-- Default test -->
  </suite> <!-- Default suite -->
</testng-results>
